0 info it worked if it ends with ok
1 verbose cli [ '/usr/local/bin/node', '/usr/local/bin/npm', 'start' ]
<<<<<<< 5c75c8b0a010d56335129fc9d5efd7aeef6cade8
2 info using npm@2.15.8
3 info using node@v4.4.7
4 verbose run-script [ 'prestart', 'start', 'poststart' ]
5 info prestart SquirrelDBService@1.0.0
6 info start SquirrelDBService@1.0.0
7 verbose unsafe-perm in lifecycle true
8 info SquirrelDBService@1.0.0 Failed to exec start script
9 verbose stack Error: SquirrelDBService@1.0.0 start: `node server/server.js`
9 verbose stack Exit status 1
9 verbose stack     at EventEmitter.<anonymous> (/usr/local/lib/node_modules/npm/lib/utils/lifecycle.js:217:16)
9 verbose stack     at emitTwo (events.js:87:13)
9 verbose stack     at EventEmitter.emit (events.js:172:7)
9 verbose stack     at ChildProcess.<anonymous> (/usr/local/lib/node_modules/npm/lib/utils/spawn.js:24:14)
9 verbose stack     at emitTwo (events.js:87:13)
9 verbose stack     at ChildProcess.emit (events.js:172:7)
9 verbose stack     at maybeClose (internal/child_process.js:827:16)
9 verbose stack     at Process.ChildProcess._handle.onexit (internal/child_process.js:211:5)
10 verbose pkgid SquirrelDBService@1.0.0
11 verbose cwd /Users/jordantaylor/Desktop/HR/Thesis/SquirrelDBService
12 error Darwin 15.3.0
13 error argv "/usr/local/bin/node" "/usr/local/bin/npm" "start"
14 error node v4.4.7
15 error npm  v2.15.8
16 error code ELIFECYCLE
17 error SquirrelDBService@1.0.0 start: `node server/server.js`
17 error Exit status 1
18 error Failed at the SquirrelDBService@1.0.0 start script 'node server/server.js'.
18 error This is most likely a problem with the SquirrelDBService package,
18 error not with npm itself.
18 error Tell the author that this fails on your system:
18 error     node server/server.js
18 error You can get information on how to open an issue for this project with:
18 error     npm bugs SquirrelDBService
18 error Or if that isn't available, you can get their info via:
18 error
18 error     npm owner ls SquirrelDBService
18 error There is likely additional logging output above.
19 verbose exit [ 1, true ]
=======
2 info using npm@3.9.5
3 info using node@v6.2.2
4 verbose run-script [ 'prestart', 'start', 'poststart' ]
5 info lifecycle SquirrelDBService@1.0.0~prestart: SquirrelDBService@1.0.0
6 silly lifecycle SquirrelDBService@1.0.0~prestart: no script for prestart, continuing
7 info lifecycle SquirrelDBService@1.0.0~start: SquirrelDBService@1.0.0
8 verbose lifecycle SquirrelDBService@1.0.0~start: unsafe-perm in lifecycle true
9 verbose lifecycle SquirrelDBService@1.0.0~start: PATH: /usr/local/lib/node_modules/npm/bin/node-gyp-bin:/Users/user/Desktop/Thesis/SquirrelDBService/node_modules/.bin:/usr/local/bin:/usr/local/mysql/bin:/usr/local/bin:/usr/bin:/bin:/usr/sbin:/sbin:/Applications/Postgres.app/Contents/Versions/latest/bin
10 verbose lifecycle SquirrelDBService@1.0.0~start: CWD: /Users/user/Desktop/Thesis/SquirrelDBService
11 silly lifecycle SquirrelDBService@1.0.0~start: Args: [ '-c', 'node server/server.js' ]
12 silly lifecycle SquirrelDBService@1.0.0~start: Returned: code: 1  signal: null
13 info lifecycle SquirrelDBService@1.0.0~start: Failed to exec start script
14 verbose stack Error: SquirrelDBService@1.0.0 start: `node server/server.js`
14 verbose stack Exit status 1
14 verbose stack     at EventEmitter.<anonymous> (/usr/local/lib/node_modules/npm/lib/utils/lifecycle.js:245:16)
14 verbose stack     at emitTwo (events.js:106:13)
14 verbose stack     at EventEmitter.emit (events.js:191:7)
14 verbose stack     at ChildProcess.<anonymous> (/usr/local/lib/node_modules/npm/lib/utils/spawn.js:24:14)
14 verbose stack     at emitTwo (events.js:106:13)
14 verbose stack     at ChildProcess.emit (events.js:191:7)
14 verbose stack     at maybeClose (internal/child_process.js:852:16)
14 verbose stack     at Process.ChildProcess._handle.onexit (internal/child_process.js:215:5)
15 verbose pkgid SquirrelDBService@1.0.0
16 verbose cwd /Users/user/Desktop/Thesis/SquirrelDBService
17 error Darwin 15.6.0
18 error argv "/usr/local/bin/node" "/usr/local/bin/npm" "start"
19 error node v6.2.2
20 error npm  v3.9.5
21 error code ELIFECYCLE
22 error SquirrelDBService@1.0.0 start: `node server/server.js`
22 error Exit status 1
23 error Failed at the SquirrelDBService@1.0.0 start script 'node server/server.js'.
23 error Make sure you have the latest version of node.js and npm installed.
23 error If you do, this is most likely a problem with the SquirrelDBService package,
23 error not with npm itself.
23 error Tell the author that this fails on your system:
23 error     node server/server.js
23 error You can get information on how to open an issue for this project with:
23 error     npm bugs SquirrelDBService
23 error Or if that isn't available, you can get their info via:
23 error     npm owner ls SquirrelDBService
23 error There is likely additional logging output above.
24 verbose exit [ 1, true ]
>>>>>>> dockerize (change IP routes) of server/config/helpers.js
